<?xml version="1.0" encoding="UTF-8"?>
<!-- Generated by org.testng.reporters.JUnitXMLReporter -->
<testsuite hostname="GSOD-BLD" name="Default test" tests="7" failures="1" timestamp="18 Aug 2017 17:20:02 GMT" time="52.724" errors="0">
  <testcase name="navigateToAmazon" time="5.226" classname="praticeTest.ieDriver_exercise3.amazonPage_Test"/>
  <testcase name="search_for_item" time="11.519" classname="praticeTest.ieDriver_exercise3.amazonPage_Test"/>
  <testcase name="selecting_an_item" time="19.466" classname="praticeTest.ieDriver_exercise3.amazonPage_Test">
    <failure type="java.lang.NumberFormatException" message="For input string: &amp;quot;$ 59 96&amp;quot;">
      <![CDATA[java.lang.NumberFormatException: For input string: "$ 59 96"
	at java.lang.NumberFormatException.forInputString(Unknown Source)
	at java.lang.Integer.parseInt(Unknown Source)
	at java.lang.Integer.parseInt(Unknown Source)
	at praticeTest.ieDriver_exercise3.amazonPage_Elements.getPrice(amazonPage_Elements.java:61)
	at praticeTest.ieDriver_exercise3.amazonPage_Test.selecting_an_item(amazonPage_Test.java:51)
	at sun.reflect.NativeMethodAccessorImpl.invoke0(Native Method)
	at sun.reflect.NativeMethodAccessorImpl.invoke(Unknown Source)
	at sun.reflect.DelegatingMethodAccessorImpl.invoke(Unknown Source)
	at java.lang.reflect.Method.invoke(Unknown Source)
	at org.testng.internal.MethodInvocationHelper.invokeMethod(MethodInvocationHelper.java:80)
	at org.testng.internal.Invoker.invokeMethod(Invoker.java:714)
	at org.testng.internal.Invoker.invokeTestMethod(Invoker.java:901)
	at org.testng.internal.Invoker.invokeTestMethods(Invoker.java:1231)
	at org.testng.internal.TestMethodWorker.invokeTestMethods(TestMethodWorker.java:127)
	at org.testng.internal.TestMethodWorker.run(TestMethodWorker.java:111)
	at org.testng.TestRunner.privateRun(TestRunner.java:767)
	at org.testng.TestRunner.run(TestRunner.java:617)
	at org.testng.SuiteRunner.runTest(SuiteRunner.java:334)
	at org.testng.SuiteRunner.runSequentially(SuiteRunner.java:329)
	at org.testng.SuiteRunner.privateRun(SuiteRunner.java:291)
	at org.testng.SuiteRunner.run(SuiteRunner.java:240)
	at org.testng.SuiteRunnerWorker.runSuite(SuiteRunnerWorker.java:52)
	at org.testng.SuiteRunnerWorker.run(SuiteRunnerWorker.java:86)
	at org.testng.TestNG.runSuitesSequentially(TestNG.java:1198)
	at org.testng.TestNG.runSuitesLocally(TestNG.java:1123)
	at org.testng.TestNG.run(TestNG.java:1031)
	at org.testng.remote.AbstractRemoteTestNG.run(AbstractRemoteTestNG.java:132)
	at org.testng.remote.RemoteTestNG.initAndRun(RemoteTestNG.java:230)
	at org.testng.remote.RemoteTestNG.main(RemoteTestNG.java:76)
]]>
    </failure>
  </testcase> <!-- selecting_an_item -->
  <testcase name="click_on_gamePic" time="0.188" classname="praticeTest.ieDriver_exercise3.amazonPage_Test"/>
  <testcase name="add_to_cart" time="1.314" classname="praticeTest.ieDriver_exercise3.amazonPage_Test"/>
  <testcase name="view_shopping_cart" time="1.243" classname="praticeTest.ieDriver_exercise3.amazonPage_Test"/>
  <testcase name="return_home" time="10.168" classname="praticeTest.ieDriver_exercise3.amazonPage_Test"/>
</testsuite> <!-- Default test -->
